{"C:\\Users\\Klaas\\Desktop\\@work-2-opdracht-3\\src\\app.js": {"path":"C:\\Users\\Klaas\\Desktop\\@work-2-opdracht-3\\src\\app.js","statementMap":{"0":{"start":{"line":8,"column":0},"end":{"line":8,"column":16}},"1":{"start":{"line":59,"column":12},"end":{"line":59,"column":21}},"2":{"start":{"line":62,"column":0},"end":{"line":62,"column":34}},"3":{"start":{"line":63,"column":0},"end":{"line":63,"column":27}},"4":{"start":{"line":64,"column":0},"end":{"line":64,"column":51}},"5":{"start":{"line":67,"column":0},"end":{"line":67,"column":74}},"6":{"start":{"line":70,"column":0},"end":{"line":70,"column":24}},"7":{"start":{"line":75,"column":12},"end":{"line":79,"column":4}},"8":{"start":{"line":81,"column":0},"end":{"line":81,"column":30}},"9":{"start":{"line":82,"column":0},"end":{"line":82,"column":30}},"10":{"start":{"line":83,"column":0},"end":{"line":83,"column":50}},"11":{"start":{"line":86,"column":0},"end":{"line":88,"column":3}},"12":{"start":{"line":87,"column":2},"end":{"line":87,"column":20}},"13":{"start":{"line":92,"column":0},"end":{"line":92,"column":28}},"14":{"start":{"line":94,"column":0},"end":{"line":94,"column":25}},"15":{"start":{"line":95,"column":0},"end":{"line":95,"column":31}},"16":{"start":{"line":96,"column":0},"end":{"line":96,"column":46}},"17":{"start":{"line":97,"column":0},"end":{"line":97,"column":62}},"18":{"start":{"line":98,"column":0},"end":{"line":98,"column":44}},"19":{"start":{"line":101,"column":0},"end":{"line":101,"column":40}},"20":{"start":{"line":102,"column":0},"end":{"line":102,"column":40}},"21":{"start":{"line":103,"column":0},"end":{"line":103,"column":43}},"22":{"start":{"line":104,"column":0},"end":{"line":104,"column":39}},"23":{"start":{"line":105,"column":0},"end":{"line":105,"column":40}},"24":{"start":{"line":107,"column":0},"end":{"line":107,"column":33}},"25":{"start":{"line":108,"column":0},"end":{"line":108,"column":33}},"26":{"start":{"line":109,"column":0},"end":{"line":109,"column":36}},"27":{"start":{"line":110,"column":0},"end":{"line":110,"column":32}},"28":{"start":{"line":111,"column":0},"end":{"line":111,"column":33}},"29":{"start":{"line":115,"column":0},"end":{"line":115,"column":41}},"30":{"start":{"line":116,"column":0},"end":{"line":116,"column":40}},"31":{"start":{"line":117,"column":0},"end":{"line":117,"column":43}},"32":{"start":{"line":118,"column":0},"end":{"line":118,"column":39}},"33":{"start":{"line":123,"column":0},"end":{"line":123,"column":38}},"34":{"start":{"line":124,"column":0},"end":{"line":124,"column":38}},"35":{"start":{"line":125,"column":0},"end":{"line":125,"column":41}},"36":{"start":{"line":126,"column":0},"end":{"line":126,"column":37}},"37":{"start":{"line":127,"column":0},"end":{"line":127,"column":38}},"38":{"start":{"line":131,"column":0},"end":{"line":131,"column":33}},"39":{"start":{"line":132,"column":0},"end":{"line":132,"column":42}},"40":{"start":{"line":133,"column":0},"end":{"line":133,"column":39}},"41":{"start":{"line":134,"column":0},"end":{"line":134,"column":35}},"42":{"start":{"line":135,"column":0},"end":{"line":135,"column":36}},"43":{"start":{"line":137,"column":0},"end":{"line":148,"column":3}},"44":{"start":{"line":138,"column":5},"end":{"line":148,"column":3}},"45":{"start":{"line":140,"column":6},"end":{"line":144,"column":9}},"46":{"start":{"line":141,"column":8},"end":{"line":143,"column":10}},"47":{"start":{"line":147,"column":6},"end":{"line":147,"column":36}}},"fnMap":{"0":{"name":"(anonymous_0)","decl":{"start":{"line":86,"column":65},"end":{"line":86,"column":66}},"loc":{"start":{"line":86,"column":79},"end":{"line":88,"column":1}},"line":86},"1":{"name":"(anonymous_1)","decl":{"start":{"line":139,"column":10},"end":{"line":139,"column":11}},"loc":{"start":{"line":139,"column":16},"end":{"line":145,"column":5}},"line":139},"2":{"name":"(anonymous_2)","decl":{"start":{"line":140,"column":35},"end":{"line":140,"column":36}},"loc":{"start":{"line":140,"column":41},"end":{"line":144,"column":7}},"line":140},"3":{"name":"(anonymous_3)","decl":{"start":{"line":146,"column":11},"end":{"line":146,"column":12}},"loc":{"start":{"line":146,"column":22},"end":{"line":148,"column":1}},"line":146}},"branchMap":{"0":{"loc":{"start":{"line":137,"column":0},"end":{"line":148,"column":3}},"type":"if","locations":[{"start":{"line":137,"column":0},"end":{"line":148,"column":3}},{"start":{},"end":{}}],"line":137}},"s":{"0":1,"1":1,"2":1,"3":1,"4":1,"5":1,"6":1,"7":1,"8":1,"9":1,"10":1,"11":1,"12":0,"13":1,"14":1,"15":1,"16":1,"17":1,"18":1,"19":1,"20":1,"21":1,"22":1,"23":1,"24":1,"25":1,"26":1,"27":1,"28":1,"29":1,"30":1,"31":1,"32":1,"33":1,"34":1,"35":1,"36":1,"37":1,"38":1,"39":1,"40":1,"41":1,"42":1,"43":1,"44":0,"45":0,"46":0,"47":0},"f":{"0":0,"1":0,"2":0,"3":0},"b":{"0":[0,1]},"_coverageSchema":"1a1c01bbd47fc00a2c39e90264f33305004495a9","hash":"57ca48a9e4040d1e9d16d5469c6426dcfdc3bca8"}
,"C:\\Users\\Klaas\\Desktop\\@work-2-opdracht-3\\src\\constants.js": {"path":"C:\\Users\\Klaas\\Desktop\\@work-2-opdracht-3\\src\\constants.js","statementMap":{"0":{"start":{"line":3,"column":27},"end":{"line":3,"column":46}},"1":{"start":{"line":5,"column":27},"end":{"line":5,"column":49}},"2":{"start":{"line":7,"column":24},"end":{"line":7,"column":47}}},"fnMap":{},"branchMap":{},"s":{"0":1,"1":1,"2":1},"f":{},"b":{},"_coverageSchema":"1a1c01bbd47fc00a2c39e90264f33305004495a9","hash":"b673baa35b0c07223844362fb9958cf610cf56de"}
,"C:\\Users\\Klaas\\Desktop\\@work-2-opdracht-3\\src\\controllers\\authentication.js": {"path":"C:\\Users\\Klaas\\Desktop\\@work-2-opdracht-3\\src\\controllers\\authentication.js","statementMap":{"0":{"start":{"line":11,"column":24},"end":{"line":56,"column":1}},"1":{"start":{"line":13,"column":21},"end":{"line":13,"column":35}},"2":{"start":{"line":16,"column":17},"end":{"line":48,"column":3}},"3":{"start":{"line":51,"column":2},"end":{"line":55,"column":5}},"4":{"start":{"line":58,"column":21},"end":{"line":89,"column":1}},"5":{"start":{"line":60,"column":21},"end":{"line":60,"column":35}},"6":{"start":{"line":63,"column":17},"end":{"line":80,"column":3}},"7":{"start":{"line":83,"column":2},"end":{"line":88,"column":5}},"8":{"start":{"line":91,"column":28},"end":{"line":162,"column":1}},"9":{"start":{"line":92,"column":2},"end":{"line":161,"column":3}},"10":{"start":{"line":93,"column":19},"end":{"line":93,"column":40}},"11":{"start":{"line":96,"column":4},"end":{"line":158,"column":5}},"12":{"start":{"line":98,"column":26},"end":{"line":98,"column":28}},"13":{"start":{"line":100,"column":6},"end":{"line":102,"column":9}},"14":{"start":{"line":101,"column":8},"end":{"line":101,"column":45}},"15":{"start":{"line":104,"column":6},"end":{"line":104,"column":40}},"16":{"start":{"line":106,"column":6},"end":{"line":106,"column":20}},"17":{"start":{"line":109,"column":26},"end":{"line":109,"column":67}},"18":{"start":{"line":110,"column":23},"end":{"line":110,"column":61}},"19":{"start":{"line":111,"column":23},"end":{"line":111,"column":61}},"20":{"start":{"line":112,"column":23},"end":{"line":116,"column":8}},"21":{"start":{"line":118,"column":6},"end":{"line":122,"column":9}},"22":{"start":{"line":124,"column":19},"end":{"line":124,"column":32}},"23":{"start":{"line":126,"column":6},"end":{"line":129,"column":7}},"24":{"start":{"line":127,"column":8},"end":{"line":127,"column":64}},"25":{"start":{"line":128,"column":8},"end":{"line":128,"column":22}},"26":{"start":{"line":131,"column":29},"end":{"line":131,"column":67}},"27":{"start":{"line":133,"column":6},"end":{"line":155,"column":7}},"28":{"start":{"line":134,"column":23},"end":{"line":138,"column":10}},"29":{"start":{"line":139,"column":8},"end":{"line":145,"column":11}},"30":{"start":{"line":147,"column":8},"end":{"line":147,"column":34}},"31":{"start":{"line":149,"column":8},"end":{"line":152,"column":11}},"32":{"start":{"line":154,"column":8},"end":{"line":154,"column":37}},"33":{"start":{"line":157,"column":6},"end":{"line":157,"column":29}},"34":{"start":{"line":160,"column":4},"end":{"line":160,"column":20}},"35":{"start":{"line":164,"column":25},"end":{"line":238,"column":1}},"36":{"start":{"line":165,"column":2},"end":{"line":237,"column":3}},"37":{"start":{"line":166,"column":19},"end":{"line":166,"column":40}},"38":{"start":{"line":168,"column":4},"end":{"line":234,"column":5}},"39":{"start":{"line":169,"column":6},"end":{"line":169,"column":35}},"40":{"start":{"line":171,"column":26},"end":{"line":171,"column":28}},"41":{"start":{"line":173,"column":6},"end":{"line":175,"column":9}},"42":{"start":{"line":174,"column":8},"end":{"line":174,"column":45}},"43":{"start":{"line":177,"column":6},"end":{"line":177,"column":40}},"44":{"start":{"line":179,"column":6},"end":{"line":179,"column":20}},"45":{"start":{"line":182,"column":23},"end":{"line":182,"column":61}},"46":{"start":{"line":183,"column":26},"end":{"line":183,"column":67}},"47":{"start":{"line":185,"column":22},"end":{"line":185,"column":50}},"48":{"start":{"line":190,"column":6},"end":{"line":194,"column":9}},"49":{"start":{"line":195,"column":6},"end":{"line":197,"column":7}},"50":{"start":{"line":196,"column":8},"end":{"line":196,"column":25}},"51":{"start":{"line":198,"column":6},"end":{"line":205,"column":7}},"52":{"start":{"line":199,"column":8},"end":{"line":203,"column":11}},"53":{"start":{"line":204,"column":8},"end":{"line":204,"column":21}},"54":{"start":{"line":207,"column":6},"end":{"line":210,"column":7}},"55":{"start":{"line":208,"column":8},"end":{"line":208,"column":66}},"56":{"start":{"line":209,"column":8},"end":{"line":209,"column":22}},"57":{"start":{"line":213,"column":28},"end":{"line":213,"column":45}},"58":{"start":{"line":214,"column":25},"end":{"line":214,"column":38}},"59":{"start":{"line":215,"column":23},"end":{"line":215,"column":68}},"60":{"start":{"line":218,"column":6},"end":{"line":221,"column":7}},"61":{"start":{"line":219,"column":8},"end":{"line":219,"column":70}},"62":{"start":{"line":220,"column":8},"end":{"line":220,"column":22}},"63":{"start":{"line":223,"column":20},"end":{"line":227,"column":7}},"64":{"start":{"line":230,"column":6},"end":{"line":230,"column":53}},"65":{"start":{"line":233,"column":6},"end":{"line":233,"column":24}},"66":{"start":{"line":236,"column":4},"end":{"line":236,"column":20}},"67":{"start":{"line":240,"column":22},"end":{"line":243,"column":1}},"68":{"start":{"line":241,"column":2},"end":{"line":241,"column":27}},"69":{"start":{"line":242,"column":2},"end":{"line":242,"column":25}}},"fnMap":{"0":{"name":"(anonymous_0)","decl":{"start":{"line":11,"column":24},"end":{"line":11,"column":25}},"loc":{"start":{"line":11,"column":44},"end":{"line":56,"column":1}},"line":11},"1":{"name":"(anonymous_1)","decl":{"start":{"line":58,"column":21},"end":{"line":58,"column":22}},"loc":{"start":{"line":58,"column":41},"end":{"line":89,"column":1}},"line":58},"2":{"name":"(anonymous_2)","decl":{"start":{"line":91,"column":28},"end":{"line":91,"column":29}},"loc":{"start":{"line":91,"column":54},"end":{"line":162,"column":1}},"line":91},"3":{"name":"(anonymous_3)","decl":{"start":{"line":100,"column":29},"end":{"line":100,"column":30}},"loc":{"start":{"line":100,"column":40},"end":{"line":102,"column":7}},"line":100},"4":{"name":"(anonymous_4)","decl":{"start":{"line":164,"column":25},"end":{"line":164,"column":26}},"loc":{"start":{"line":164,"column":51},"end":{"line":238,"column":1}},"line":164},"5":{"name":"(anonymous_5)","decl":{"start":{"line":173,"column":29},"end":{"line":173,"column":30}},"loc":{"start":{"line":173,"column":40},"end":{"line":175,"column":7}},"line":173},"6":{"name":"(anonymous_6)","decl":{"start":{"line":240,"column":22},"end":{"line":240,"column":23}},"loc":{"start":{"line":240,"column":42},"end":{"line":243,"column":1}},"line":240}},"branchMap":{"0":{"loc":{"start":{"line":21,"column":13},"end":{"line":21,"column":50}},"type":"cond-expr","locations":[{"start":{"line":21,"column":31},"end":{"line":21,"column":45}},{"start":{"line":21,"column":48},"end":{"line":21,"column":50}}],"line":21},"1":{"loc":{"start":{"line":22,"column":13},"end":{"line":22,"column":74}},"type":"cond-expr","locations":[{"start":{"line":22,"column":42},"end":{"line":22,"column":67}},{"start":{"line":22,"column":70},"end":{"line":22,"column":74}}],"line":22},"2":{"loc":{"start":{"line":29,"column":16},"end":{"line":29,"column":59}},"type":"cond-expr","locations":[{"start":{"line":29,"column":37},"end":{"line":29,"column":54}},{"start":{"line":29,"column":57},"end":{"line":29,"column":59}}],"line":29},"3":{"loc":{"start":{"line":30,"column":13},"end":{"line":32,"column":14}},"type":"cond-expr","locations":[{"start":{"line":31,"column":10},"end":{"line":31,"column":38}},{"start":{"line":32,"column":10},"end":{"line":32,"column":14}}],"line":30},"4":{"loc":{"start":{"line":44,"column":13},"end":{"line":44,"column":33}},"type":"binary-expr","locations":[{"start":{"line":44,"column":13},"end":{"line":44,"column":27}},{"start":{"line":44,"column":31},"end":{"line":44,"column":33}}],"line":44},"5":{"loc":{"start":{"line":45,"column":13},"end":{"line":45,"column":72}},"type":"cond-expr","locations":[{"start":{"line":45,"column":41},"end":{"line":45,"column":65}},{"start":{"line":45,"column":68},"end":{"line":45,"column":72}}],"line":45},"6":{"loc":{"start":{"line":68,"column":13},"end":{"line":68,"column":50}},"type":"cond-expr","locations":[{"start":{"line":68,"column":31},"end":{"line":68,"column":45}},{"start":{"line":68,"column":48},"end":{"line":68,"column":50}}],"line":68},"7":{"loc":{"start":{"line":69,"column":13},"end":{"line":69,"column":74}},"type":"cond-expr","locations":[{"start":{"line":69,"column":42},"end":{"line":69,"column":67}},{"start":{"line":69,"column":70},"end":{"line":69,"column":74}}],"line":69},"8":{"loc":{"start":{"line":75,"column":16},"end":{"line":75,"column":59}},"type":"cond-expr","locations":[{"start":{"line":75,"column":37},"end":{"line":75,"column":54}},{"start":{"line":75,"column":57},"end":{"line":75,"column":59}}],"line":75},"9":{"loc":{"start":{"line":76,"column":13},"end":{"line":78,"column":14}},"type":"cond-expr","locations":[{"start":{"line":77,"column":10},"end":{"line":77,"column":38}},{"start":{"line":78,"column":10},"end":{"line":78,"column":14}}],"line":76},"10":{"loc":{"start":{"line":96,"column":4},"end":{"line":158,"column":5}},"type":"if","locations":[{"start":{"line":96,"column":4},"end":{"line":158,"column":5}},{"start":{"line":107,"column":11},"end":{"line":158,"column":5}}],"line":96},"11":{"loc":{"start":{"line":126,"column":6},"end":{"line":129,"column":7}},"type":"if","locations":[{"start":{"line":126,"column":6},"end":{"line":129,"column":7}},{"start":{},"end":{}}],"line":126},"12":{"loc":{"start":{"line":133,"column":6},"end":{"line":155,"column":7}},"type":"if","locations":[{"start":{"line":133,"column":6},"end":{"line":155,"column":7}},{"start":{"line":148,"column":11},"end":{"line":155,"column":7}}],"line":133},"13":{"loc":{"start":{"line":133,"column":9},"end":{"line":133,"column":45}},"type":"binary-expr","locations":[{"start":{"line":133,"column":9},"end":{"line":133,"column":26}},{"start":{"line":133,"column":30},"end":{"line":133,"column":45}}],"line":133},"14":{"loc":{"start":{"line":168,"column":4},"end":{"line":234,"column":5}},"type":"if","locations":[{"start":{"line":168,"column":4},"end":{"line":234,"column":5}},{"start":{"line":180,"column":11},"end":{"line":234,"column":5}}],"line":168},"15":{"loc":{"start":{"line":195,"column":6},"end":{"line":197,"column":7}},"type":"if","locations":[{"start":{"line":195,"column":6},"end":{"line":197,"column":7}},{"start":{},"end":{}}],"line":195},"16":{"loc":{"start":{"line":198,"column":6},"end":{"line":205,"column":7}},"type":"if","locations":[{"start":{"line":198,"column":6},"end":{"line":205,"column":7}},{"start":{},"end":{}}],"line":198},"17":{"loc":{"start":{"line":207,"column":6},"end":{"line":210,"column":7}},"type":"if","locations":[{"start":{"line":207,"column":6},"end":{"line":210,"column":7}},{"start":{},"end":{}}],"line":207},"18":{"loc":{"start":{"line":218,"column":6},"end":{"line":221,"column":7}},"type":"if","locations":[{"start":{"line":218,"column":6},"end":{"line":221,"column":7}},{"start":{},"end":{}}],"line":218}},"s":{"0":1,"1":0,"2":0,"3":0,"4":1,"5":0,"6":0,"7":0,"8":1,"9":0,"10":0,"11":0,"12":0,"13":0,"14":0,"15":0,"16":0,"17":0,"18":0,"19":0,"20":0,"21":0,"22":0,"23":0,"24":0,"25":0,"26":0,"27":0,"28":0,"29":0,"30":0,"31":0,"32":0,"33":0,"34":0,"35":1,"36":0,"37":0,"38":0,"39":0,"40":0,"41":0,"42":0,"43":0,"44":0,"45":0,"46":0,"47":0,"48":0,"49":0,"50":0,"51":0,"52":0,"53":0,"54":0,"55":0,"56":0,"57":0,"58":0,"59":0,"60":0,"61":0,"62":0,"63":0,"64":0,"65":0,"66":0,"67":1,"68":0,"69":0},"f":{"0":0,"1":0,"2":0,"3":0,"4":0,"5":0,"6":0},"b":{"0":[0,0],"1":[0,0],"2":[0,0],"3":[0,0],"4":[0,0],"5":[0,0],"6":[0,0],"7":[0,0],"8":[0,0],"9":[0,0],"10":[0,0],"11":[0,0],"12":[0,0],"13":[0,0],"14":[0,0],"15":[0,0],"16":[0,0],"17":[0,0],"18":[0,0]},"_coverageSchema":"1a1c01bbd47fc00a2c39e90264f33305004495a9","hash":"d79ce93fb4cc71b12727b8466ca1cd1d77d7594f"}
,"C:\\Users\\Klaas\\Desktop\\@work-2-opdracht-3\\src\\controllers\\home.js": {"path":"C:\\Users\\Klaas\\Desktop\\@work-2-opdracht-3\\src\\controllers\\home.js","statementMap":{"0":{"start":{"line":6,"column":20},"end":{"line":34,"column":3}},"1":{"start":{"line":9,"column":26},"end":{"line":9,"column":68}},"2":{"start":{"line":12,"column":26},"end":{"line":22,"column":37}},"3":{"start":{"line":15,"column":28},"end":{"line":18,"column":9}},"4":{"start":{"line":20,"column":24},"end":{"line":20,"column":49}},"5":{"start":{"line":22,"column":23},"end":{"line":22,"column":36}},"6":{"start":{"line":24,"column":22},"end":{"line":28,"column":9}},"7":{"start":{"line":24,"column":51},"end":{"line":28,"column":7}},"8":{"start":{"line":30,"column":3},"end":{"line":33,"column":7}}},"fnMap":{"0":{"name":"(anonymous_0)","decl":{"start":{"line":6,"column":20},"end":{"line":6,"column":21}},"loc":{"start":{"line":6,"column":40},"end":{"line":34,"column":3}},"line":6},"1":{"name":"(anonymous_1)","decl":{"start":{"line":15,"column":13},"end":{"line":15,"column":14}},"loc":{"start":{"line":15,"column":28},"end":{"line":18,"column":9}},"line":15},"2":{"name":"(anonymous_2)","decl":{"start":{"line":20,"column":14},"end":{"line":20,"column":15}},"loc":{"start":{"line":20,"column":24},"end":{"line":20,"column":49}},"line":20},"3":{"name":"(anonymous_3)","decl":{"start":{"line":22,"column":13},"end":{"line":22,"column":14}},"loc":{"start":{"line":22,"column":23},"end":{"line":22,"column":36}},"line":22},"4":{"name":"(anonymous_4)","decl":{"start":{"line":24,"column":38},"end":{"line":24,"column":39}},"loc":{"start":{"line":24,"column":51},"end":{"line":28,"column":7}},"line":24}},"branchMap":{},"s":{"0":1,"1":0,"2":0,"3":0,"4":0,"5":0,"6":0,"7":0,"8":0},"f":{"0":0,"1":0,"2":0,"3":0,"4":0},"b":{},"_coverageSchema":"1a1c01bbd47fc00a2c39e90264f33305004495a9","hash":"7ff52c1838028a2b1e15e7a9d654986152e855de"}
,"C:\\Users\\Klaas\\Desktop\\@work-2-opdracht-3\\src\\controllers\\api\\commands.js": {"path":"C:\\Users\\Klaas\\Desktop\\@work-2-opdracht-3\\src\\controllers\\api\\commands.js","statementMap":{"0":{"start":{"line":3,"column":30},"end":{"line":13,"column":1}},"1":{"start":{"line":4,"column":4},"end":{"line":12,"column":5}},"2":{"start":{"line":5,"column":29},"end":{"line":5,"column":65}},"3":{"start":{"line":6,"column":28},"end":{"line":6,"column":53}},"4":{"start":{"line":7,"column":8},"end":{"line":7,"column":42}},"5":{"start":{"line":9,"column":8},"end":{"line":11,"column":10}},"6":{"start":{"line":15,"column":26},"end":{"line":26,"column":1}},"7":{"start":{"line":16,"column":4},"end":{"line":25,"column":5}},"8":{"start":{"line":17,"column":23},"end":{"line":17,"column":33}},"9":{"start":{"line":18,"column":29},"end":{"line":18,"column":65}},"10":{"start":{"line":19,"column":24},"end":{"line":19,"column":59}},"11":{"start":{"line":20,"column":8},"end":{"line":20,"column":38}},"12":{"start":{"line":22,"column":8},"end":{"line":24,"column":10}},"13":{"start":{"line":28,"column":29},"end":{"line":42,"column":1}},"14":{"start":{"line":29,"column":4},"end":{"line":41,"column":5}},"15":{"start":{"line":30,"column":21},"end":{"line":30,"column":32}},"16":{"start":{"line":31,"column":29},"end":{"line":31,"column":65}},"17":{"start":{"line":32,"column":32},"end":{"line":32,"column":72}},"18":{"start":{"line":33,"column":8},"end":{"line":33,"column":51}},"19":{"start":{"line":34,"column":8},"end":{"line":36,"column":11}},"20":{"start":{"line":38,"column":8},"end":{"line":40,"column":10}},"21":{"start":{"line":44,"column":27},"end":{"line":57,"column":1}},"22":{"start":{"line":45,"column":4},"end":{"line":56,"column":5}},"23":{"start":{"line":46,"column":29},"end":{"line":46,"column":65}},"24":{"start":{"line":47,"column":24},"end":{"line":47,"column":57}},"25":{"start":{"line":48,"column":8},"end":{"line":51,"column":10}},"26":{"start":{"line":53,"column":8},"end":{"line":55,"column":10}}},"fnMap":{"0":{"name":"(anonymous_0)","decl":{"start":{"line":3,"column":30},"end":{"line":3,"column":31}},"loc":{"start":{"line":3,"column":56},"end":{"line":13,"column":1}},"line":3},"1":{"name":"(anonymous_1)","decl":{"start":{"line":15,"column":26},"end":{"line":15,"column":27}},"loc":{"start":{"line":15,"column":52},"end":{"line":26,"column":1}},"line":15},"2":{"name":"(anonymous_2)","decl":{"start":{"line":28,"column":29},"end":{"line":28,"column":30}},"loc":{"start":{"line":28,"column":55},"end":{"line":42,"column":1}},"line":28},"3":{"name":"(anonymous_3)","decl":{"start":{"line":44,"column":27},"end":{"line":44,"column":28}},"loc":{"start":{"line":44,"column":53},"end":{"line":57,"column":1}},"line":44}},"branchMap":{},"s":{"0":1,"1":1,"2":1,"3":1,"4":1,"5":0,"6":1,"7":1,"8":1,"9":1,"10":1,"11":1,"12":0,"13":1,"14":1,"15":1,"16":1,"17":1,"18":1,"19":1,"20":0,"21":1,"22":1,"23":1,"24":1,"25":1,"26":0},"f":{"0":1,"1":1,"2":1,"3":1},"b":{},"_coverageSchema":"1a1c01bbd47fc00a2c39e90264f33305004495a9","hash":"44c5263414026e68948b1c34d2d7ac3e05878a88"}
,"C:\\Users\\Klaas\\Desktop\\@work-2-opdracht-3\\src\\controllers\\api\\klassen.js": {"path":"C:\\Users\\Klaas\\Desktop\\@work-2-opdracht-3\\src\\controllers\\api\\klassen.js","statementMap":{"0":{"start":{"line":3,"column":29},"end":{"line":13,"column":1}},"1":{"start":{"line":4,"column":4},"end":{"line":12,"column":5}},"2":{"start":{"line":5,"column":25},"end":{"line":5,"column":60}},"3":{"start":{"line":6,"column":27},"end":{"line":6,"column":48}},"4":{"start":{"line":7,"column":8},"end":{"line":7,"column":41}},"5":{"start":{"line":9,"column":8},"end":{"line":11,"column":10}},"6":{"start":{"line":15,"column":23},"end":{"line":26,"column":1}},"7":{"start":{"line":16,"column":4},"end":{"line":25,"column":5}},"8":{"start":{"line":17,"column":23},"end":{"line":17,"column":33}},"9":{"start":{"line":18,"column":25},"end":{"line":18,"column":60}},"10":{"start":{"line":19,"column":21},"end":{"line":19,"column":52}},"11":{"start":{"line":20,"column":8},"end":{"line":20,"column":35}},"12":{"start":{"line":22,"column":8},"end":{"line":24,"column":10}},"13":{"start":{"line":28,"column":26},"end":{"line":42,"column":1}},"14":{"start":{"line":29,"column":4},"end":{"line":41,"column":5}},"15":{"start":{"line":30,"column":21},"end":{"line":30,"column":32}},"16":{"start":{"line":31,"column":25},"end":{"line":31,"column":60}},"17":{"start":{"line":32,"column":29},"end":{"line":32,"column":65}},"18":{"start":{"line":33,"column":8},"end":{"line":33,"column":44}},"19":{"start":{"line":34,"column":8},"end":{"line":36,"column":11}},"20":{"start":{"line":38,"column":8},"end":{"line":40,"column":10}},"21":{"start":{"line":44,"column":24},"end":{"line":57,"column":1}},"22":{"start":{"line":45,"column":4},"end":{"line":56,"column":5}},"23":{"start":{"line":46,"column":25},"end":{"line":46,"column":60}},"24":{"start":{"line":47,"column":21},"end":{"line":47,"column":50}},"25":{"start":{"line":48,"column":8},"end":{"line":51,"column":10}},"26":{"start":{"line":53,"column":8},"end":{"line":55,"column":10}},"27":{"start":{"line":59,"column":26},"end":{"line":82,"column":1}},"28":{"start":{"line":60,"column":4},"end":{"line":81,"column":5}},"29":{"start":{"line":61,"column":25},"end":{"line":61,"column":60}},"30":{"start":{"line":62,"column":21},"end":{"line":62,"column":32}},"31":{"start":{"line":63,"column":21},"end":{"line":63,"column":57}},"32":{"start":{"line":65,"column":8},"end":{"line":67,"column":9}},"33":{"start":{"line":68,"column":26},"end":{"line":72,"column":9}},"34":{"start":{"line":73,"column":8},"end":{"line":73,"column":40}},"35":{"start":{"line":74,"column":8},"end":{"line":76,"column":10}},"36":{"start":{"line":78,"column":8},"end":{"line":80,"column":10}}},"fnMap":{"0":{"name":"(anonymous_0)","decl":{"start":{"line":3,"column":29},"end":{"line":3,"column":30}},"loc":{"start":{"line":3,"column":55},"end":{"line":13,"column":1}},"line":3},"1":{"name":"(anonymous_1)","decl":{"start":{"line":15,"column":23},"end":{"line":15,"column":24}},"loc":{"start":{"line":15,"column":49},"end":{"line":26,"column":1}},"line":15},"2":{"name":"(anonymous_2)","decl":{"start":{"line":28,"column":26},"end":{"line":28,"column":27}},"loc":{"start":{"line":28,"column":52},"end":{"line":42,"column":1}},"line":28},"3":{"name":"(anonymous_3)","decl":{"start":{"line":44,"column":24},"end":{"line":44,"column":25}},"loc":{"start":{"line":44,"column":50},"end":{"line":57,"column":1}},"line":44},"4":{"name":"(anonymous_4)","decl":{"start":{"line":59,"column":26},"end":{"line":59,"column":27}},"loc":{"start":{"line":59,"column":52},"end":{"line":82,"column":1}},"line":59}},"branchMap":{},"s":{"0":1,"1":1,"2":1,"3":1,"4":1,"5":0,"6":1,"7":1,"8":1,"9":1,"10":1,"11":1,"12":0,"13":1,"14":1,"15":1,"16":1,"17":1,"18":1,"19":1,"20":0,"21":1,"22":1,"23":1,"24":1,"25":1,"26":0,"27":1,"28":1,"29":1,"30":1,"31":1,"32":1,"33":1,"34":1,"35":1,"36":0},"f":{"0":1,"1":1,"2":1,"3":1,"4":1},"b":{},"_coverageSchema":"1a1c01bbd47fc00a2c39e90264f33305004495a9","hash":"6a263f2623caf0e35e39d8297106115e513fc3aa"}
,"C:\\Users\\Klaas\\Desktop\\@work-2-opdracht-3\\src\\controllers\\api\\oefeningen.js": {"path":"C:\\Users\\Klaas\\Desktop\\@work-2-opdracht-3\\src\\controllers\\api\\oefeningen.js","statementMap":{"0":{"start":{"line":3,"column":25},"end":{"line":13,"column":1}},"1":{"start":{"line":4,"column":4},"end":{"line":12,"column":5}},"2":{"start":{"line":5,"column":24},"end":{"line":5,"column":62}},"3":{"start":{"line":6,"column":23},"end":{"line":6,"column":43}},"4":{"start":{"line":7,"column":8},"end":{"line":7,"column":37}},"5":{"start":{"line":9,"column":8},"end":{"line":11,"column":10}},"6":{"start":{"line":15,"column":22},"end":{"line":26,"column":1}},"7":{"start":{"line":16,"column":4},"end":{"line":25,"column":5}},"8":{"start":{"line":17,"column":23},"end":{"line":17,"column":33}},"9":{"start":{"line":18,"column":24},"end":{"line":18,"column":62}},"10":{"start":{"line":19,"column":20},"end":{"line":19,"column":50}},"11":{"start":{"line":20,"column":8},"end":{"line":20,"column":34}},"12":{"start":{"line":22,"column":8},"end":{"line":24,"column":10}},"13":{"start":{"line":28,"column":25},"end":{"line":42,"column":1}},"14":{"start":{"line":29,"column":4},"end":{"line":41,"column":5}},"15":{"start":{"line":30,"column":21},"end":{"line":30,"column":32}},"16":{"start":{"line":31,"column":24},"end":{"line":31,"column":62}},"17":{"start":{"line":32,"column":28},"end":{"line":32,"column":63}},"18":{"start":{"line":33,"column":8},"end":{"line":33,"column":42}},"19":{"start":{"line":34,"column":8},"end":{"line":36,"column":11}},"20":{"start":{"line":38,"column":8},"end":{"line":40,"column":10}},"21":{"start":{"line":44,"column":23},"end":{"line":57,"column":1}},"22":{"start":{"line":45,"column":4},"end":{"line":56,"column":5}},"23":{"start":{"line":46,"column":24},"end":{"line":46,"column":62}},"24":{"start":{"line":47,"column":20},"end":{"line":47,"column":48}},"25":{"start":{"line":48,"column":8},"end":{"line":51,"column":10}},"26":{"start":{"line":53,"column":8},"end":{"line":55,"column":10}},"27":{"start":{"line":59,"column":25},"end":{"line":82,"column":1}},"28":{"start":{"line":60,"column":4},"end":{"line":81,"column":5}},"29":{"start":{"line":61,"column":24},"end":{"line":61,"column":62}},"30":{"start":{"line":62,"column":21},"end":{"line":62,"column":32}},"31":{"start":{"line":63,"column":20},"end":{"line":63,"column":55}},"32":{"start":{"line":65,"column":8},"end":{"line":67,"column":9}},"33":{"start":{"line":68,"column":25},"end":{"line":72,"column":9}},"34":{"start":{"line":73,"column":8},"end":{"line":73,"column":38}},"35":{"start":{"line":74,"column":8},"end":{"line":76,"column":10}},"36":{"start":{"line":78,"column":8},"end":{"line":80,"column":10}}},"fnMap":{"0":{"name":"(anonymous_0)","decl":{"start":{"line":3,"column":25},"end":{"line":3,"column":26}},"loc":{"start":{"line":3,"column":51},"end":{"line":13,"column":1}},"line":3},"1":{"name":"(anonymous_1)","decl":{"start":{"line":15,"column":22},"end":{"line":15,"column":23}},"loc":{"start":{"line":15,"column":48},"end":{"line":26,"column":1}},"line":15},"2":{"name":"(anonymous_2)","decl":{"start":{"line":28,"column":25},"end":{"line":28,"column":26}},"loc":{"start":{"line":28,"column":51},"end":{"line":42,"column":1}},"line":28},"3":{"name":"(anonymous_3)","decl":{"start":{"line":44,"column":23},"end":{"line":44,"column":24}},"loc":{"start":{"line":44,"column":49},"end":{"line":57,"column":1}},"line":44},"4":{"name":"(anonymous_4)","decl":{"start":{"line":59,"column":25},"end":{"line":59,"column":26}},"loc":{"start":{"line":59,"column":51},"end":{"line":82,"column":1}},"line":59}},"branchMap":{},"s":{"0":1,"1":1,"2":1,"3":1,"4":1,"5":0,"6":1,"7":1,"8":1,"9":1,"10":1,"11":1,"12":0,"13":1,"14":1,"15":1,"16":1,"17":1,"18":1,"19":1,"20":0,"21":1,"22":1,"23":1,"24":1,"25":1,"26":0,"27":1,"28":1,"29":1,"30":1,"31":1,"32":1,"33":1,"34":1,"35":1,"36":0},"f":{"0":1,"1":1,"2":1,"3":1,"4":1},"b":{},"_coverageSchema":"1a1c01bbd47fc00a2c39e90264f33305004495a9","hash":"146adf5251d4b6c8d4e00d3d475a307dc157c071"}
,"C:\\Users\\Klaas\\Desktop\\@work-2-opdracht-3\\src\\controllers\\api\\staf.js": {"path":"C:\\Users\\Klaas\\Desktop\\@work-2-opdracht-3\\src\\controllers\\api\\staf.js","statementMap":{"0":{"start":{"line":3,"column":26},"end":{"line":13,"column":1}},"1":{"start":{"line":4,"column":4},"end":{"line":12,"column":5}},"2":{"start":{"line":5,"column":25},"end":{"line":5,"column":57}},"3":{"start":{"line":6,"column":25},"end":{"line":6,"column":46}},"4":{"start":{"line":7,"column":8},"end":{"line":7,"column":39}},"5":{"start":{"line":9,"column":8},"end":{"line":11,"column":10}},"6":{"start":{"line":15,"column":23},"end":{"line":26,"column":1}},"7":{"start":{"line":16,"column":4},"end":{"line":25,"column":5}},"8":{"start":{"line":17,"column":23},"end":{"line":17,"column":33}},"9":{"start":{"line":18,"column":25},"end":{"line":18,"column":57}},"10":{"start":{"line":19,"column":21},"end":{"line":19,"column":52}},"11":{"start":{"line":20,"column":8},"end":{"line":20,"column":35}},"12":{"start":{"line":22,"column":8},"end":{"line":24,"column":10}},"13":{"start":{"line":28,"column":26},"end":{"line":42,"column":1}},"14":{"start":{"line":29,"column":4},"end":{"line":41,"column":5}},"15":{"start":{"line":30,"column":21},"end":{"line":30,"column":32}},"16":{"start":{"line":31,"column":25},"end":{"line":31,"column":57}},"17":{"start":{"line":32,"column":29},"end":{"line":32,"column":65}},"18":{"start":{"line":33,"column":8},"end":{"line":33,"column":44}},"19":{"start":{"line":34,"column":8},"end":{"line":36,"column":11}},"20":{"start":{"line":38,"column":8},"end":{"line":40,"column":10}},"21":{"start":{"line":44,"column":24},"end":{"line":57,"column":1}},"22":{"start":{"line":45,"column":4},"end":{"line":56,"column":5}},"23":{"start":{"line":46,"column":25},"end":{"line":46,"column":57}},"24":{"start":{"line":47,"column":21},"end":{"line":47,"column":50}},"25":{"start":{"line":48,"column":8},"end":{"line":51,"column":10}},"26":{"start":{"line":53,"column":8},"end":{"line":55,"column":10}},"27":{"start":{"line":59,"column":26},"end":{"line":82,"column":1}},"28":{"start":{"line":60,"column":4},"end":{"line":81,"column":5}},"29":{"start":{"line":61,"column":25},"end":{"line":61,"column":57}},"30":{"start":{"line":62,"column":21},"end":{"line":62,"column":32}},"31":{"start":{"line":63,"column":21},"end":{"line":63,"column":57}},"32":{"start":{"line":65,"column":8},"end":{"line":67,"column":9}},"33":{"start":{"line":68,"column":25},"end":{"line":72,"column":9}},"34":{"start":{"line":73,"column":8},"end":{"line":73,"column":39}},"35":{"start":{"line":74,"column":8},"end":{"line":76,"column":10}},"36":{"start":{"line":78,"column":8},"end":{"line":80,"column":10}}},"fnMap":{"0":{"name":"(anonymous_0)","decl":{"start":{"line":3,"column":26},"end":{"line":3,"column":27}},"loc":{"start":{"line":3,"column":52},"end":{"line":13,"column":1}},"line":3},"1":{"name":"(anonymous_1)","decl":{"start":{"line":15,"column":23},"end":{"line":15,"column":24}},"loc":{"start":{"line":15,"column":49},"end":{"line":26,"column":1}},"line":15},"2":{"name":"(anonymous_2)","decl":{"start":{"line":28,"column":26},"end":{"line":28,"column":27}},"loc":{"start":{"line":28,"column":52},"end":{"line":42,"column":1}},"line":28},"3":{"name":"(anonymous_3)","decl":{"start":{"line":44,"column":24},"end":{"line":44,"column":25}},"loc":{"start":{"line":44,"column":50},"end":{"line":57,"column":1}},"line":44},"4":{"name":"(anonymous_4)","decl":{"start":{"line":59,"column":26},"end":{"line":59,"column":27}},"loc":{"start":{"line":59,"column":52},"end":{"line":82,"column":1}},"line":59}},"branchMap":{},"s":{"0":1,"1":1,"2":1,"3":1,"4":1,"5":0,"6":1,"7":1,"8":1,"9":1,"10":1,"11":1,"12":0,"13":1,"14":1,"15":1,"16":1,"17":1,"18":1,"19":1,"20":0,"21":1,"22":1,"23":1,"24":1,"25":1,"26":0,"27":1,"28":1,"29":1,"30":1,"31":1,"32":1,"33":1,"34":1,"35":1,"36":0},"f":{"0":1,"1":1,"2":1,"3":1,"4":1},"b":{},"_coverageSchema":"1a1c01bbd47fc00a2c39e90264f33305004495a9","hash":"0084596e27450655b063724cfe7233ded97b852e"}
,"C:\\Users\\Klaas\\Desktop\\@work-2-opdracht-3\\src\\controllers\\api\\student.js": {"path":"C:\\Users\\Klaas\\Desktop\\@work-2-opdracht-3\\src\\controllers\\api\\student.js","statementMap":{"0":{"start":{"line":3,"column":30},"end":{"line":13,"column":1}},"1":{"start":{"line":4,"column":4},"end":{"line":12,"column":5}},"2":{"start":{"line":5,"column":25},"end":{"line":5,"column":60}},"3":{"start":{"line":6,"column":25},"end":{"line":6,"column":46}},"4":{"start":{"line":7,"column":8},"end":{"line":7,"column":39}},"5":{"start":{"line":9,"column":8},"end":{"line":11,"column":10}},"6":{"start":{"line":15,"column":27},"end":{"line":26,"column":1}},"7":{"start":{"line":16,"column":4},"end":{"line":25,"column":5}},"8":{"start":{"line":17,"column":23},"end":{"line":17,"column":33}},"9":{"start":{"line":18,"column":25},"end":{"line":18,"column":60}},"10":{"start":{"line":19,"column":21},"end":{"line":19,"column":52}},"11":{"start":{"line":20,"column":8},"end":{"line":20,"column":35}},"12":{"start":{"line":22,"column":8},"end":{"line":24,"column":10}},"13":{"start":{"line":28,"column":30},"end":{"line":42,"column":1}},"14":{"start":{"line":29,"column":4},"end":{"line":41,"column":5}},"15":{"start":{"line":30,"column":21},"end":{"line":30,"column":32}},"16":{"start":{"line":31,"column":25},"end":{"line":31,"column":60}},"17":{"start":{"line":32,"column":29},"end":{"line":32,"column":65}},"18":{"start":{"line":33,"column":8},"end":{"line":33,"column":44}},"19":{"start":{"line":34,"column":8},"end":{"line":36,"column":11}},"20":{"start":{"line":38,"column":8},"end":{"line":40,"column":10}},"21":{"start":{"line":44,"column":27},"end":{"line":57,"column":1}},"22":{"start":{"line":45,"column":4},"end":{"line":56,"column":5}},"23":{"start":{"line":46,"column":25},"end":{"line":46,"column":60}},"24":{"start":{"line":47,"column":21},"end":{"line":47,"column":50}},"25":{"start":{"line":48,"column":8},"end":{"line":51,"column":10}},"26":{"start":{"line":53,"column":8},"end":{"line":55,"column":10}},"27":{"start":{"line":59,"column":30},"end":{"line":82,"column":1}},"28":{"start":{"line":60,"column":4},"end":{"line":81,"column":5}},"29":{"start":{"line":61,"column":25},"end":{"line":61,"column":60}},"30":{"start":{"line":62,"column":21},"end":{"line":62,"column":32}},"31":{"start":{"line":63,"column":21},"end":{"line":63,"column":57}},"32":{"start":{"line":65,"column":8},"end":{"line":67,"column":9}},"33":{"start":{"line":68,"column":25},"end":{"line":72,"column":9}},"34":{"start":{"line":73,"column":8},"end":{"line":73,"column":39}},"35":{"start":{"line":74,"column":8},"end":{"line":76,"column":10}},"36":{"start":{"line":78,"column":8},"end":{"line":80,"column":10}}},"fnMap":{"0":{"name":"(anonymous_0)","decl":{"start":{"line":3,"column":30},"end":{"line":3,"column":31}},"loc":{"start":{"line":3,"column":56},"end":{"line":13,"column":1}},"line":3},"1":{"name":"(anonymous_1)","decl":{"start":{"line":15,"column":27},"end":{"line":15,"column":28}},"loc":{"start":{"line":15,"column":53},"end":{"line":26,"column":1}},"line":15},"2":{"name":"(anonymous_2)","decl":{"start":{"line":28,"column":30},"end":{"line":28,"column":31}},"loc":{"start":{"line":28,"column":56},"end":{"line":42,"column":1}},"line":28},"3":{"name":"(anonymous_3)","decl":{"start":{"line":44,"column":27},"end":{"line":44,"column":28}},"loc":{"start":{"line":44,"column":53},"end":{"line":57,"column":1}},"line":44},"4":{"name":"(anonymous_4)","decl":{"start":{"line":59,"column":30},"end":{"line":59,"column":31}},"loc":{"start":{"line":59,"column":56},"end":{"line":82,"column":1}},"line":59}},"branchMap":{},"s":{"0":1,"1":1,"2":1,"3":1,"4":1,"5":0,"6":1,"7":1,"8":1,"9":1,"10":1,"11":1,"12":0,"13":1,"14":1,"15":1,"16":1,"17":1,"18":1,"19":1,"20":0,"21":1,"22":1,"23":1,"24":1,"25":1,"26":0,"27":1,"28":1,"29":1,"30":1,"31":1,"32":1,"33":1,"34":1,"35":1,"36":0},"f":{"0":1,"1":1,"2":1,"3":1,"4":1},"b":{},"_coverageSchema":"1a1c01bbd47fc00a2c39e90264f33305004495a9","hash":"87fbb0362199ec0efd8cb8988d8cd5cc94760ff0"}
,"C:\\Users\\Klaas\\Desktop\\@work-2-opdracht-3\\src\\docs\\schemas.js": {"path":"C:\\Users\\Klaas\\Desktop\\@work-2-opdracht-3\\src\\docs\\schemas.js","statementMap":{},"fnMap":{},"branchMap":{},"s":{},"f":{},"b":{},"_coverageSchema":"1a1c01bbd47fc00a2c39e90264f33305004495a9","hash":"573377ff750e839066e398f1d02b1234600916f9"}
,"C:\\Users\\Klaas\\Desktop\\@work-2-opdracht-3\\src\\docs\\swagger.js": {"path":"C:\\Users\\Klaas\\Desktop\\@work-2-opdracht-3\\src\\docs\\swagger.js","statementMap":{},"fnMap":{},"branchMap":{},"s":{},"f":{},"b":{},"_coverageSchema":"1a1c01bbd47fc00a2c39e90264f33305004495a9","hash":"73bd96df790d48768c9d9ba933b9ecbcc21342bc"}
,"C:\\Users\\Klaas\\Desktop\\@work-2-opdracht-3\\src\\docs\\paths\\commands.js": {"path":"C:\\Users\\Klaas\\Desktop\\@work-2-opdracht-3\\src\\docs\\paths\\commands.js","statementMap":{},"fnMap":{},"branchMap":{},"s":{},"f":{},"b":{},"_coverageSchema":"1a1c01bbd47fc00a2c39e90264f33305004495a9","hash":"f07a0186edbcff18353b253babcce1f3447f71a1"}
,"C:\\Users\\Klaas\\Desktop\\@work-2-opdracht-3\\src\\docs\\paths\\exercises.js": {"path":"C:\\Users\\Klaas\\Desktop\\@work-2-opdracht-3\\src\\docs\\paths\\exercises.js","statementMap":{},"fnMap":{},"branchMap":{},"s":{},"f":{},"b":{},"_coverageSchema":"1a1c01bbd47fc00a2c39e90264f33305004495a9","hash":"09b763d81608992559b6e1a8837faff1a0c2eae9"}
,"C:\\Users\\Klaas\\Desktop\\@work-2-opdracht-3\\src\\docs\\paths\\index.js": {"path":"C:\\Users\\Klaas\\Desktop\\@work-2-opdracht-3\\src\\docs\\paths\\index.js","statementMap":{},"fnMap":{},"branchMap":{},"s":{},"f":{},"b":{},"_coverageSchema":"1a1c01bbd47fc00a2c39e90264f33305004495a9","hash":"02ff3e71cb35301383e85078708fb82d8b87bfa1"}
,"C:\\Users\\Klaas\\Desktop\\@work-2-opdracht-3\\src\\docs\\paths\\klassen.js": {"path":"C:\\Users\\Klaas\\Desktop\\@work-2-opdracht-3\\src\\docs\\paths\\klassen.js","statementMap":{},"fnMap":{},"branchMap":{},"s":{},"f":{},"b":{},"_coverageSchema":"1a1c01bbd47fc00a2c39e90264f33305004495a9","hash":"0b7953f657aa6f2bc1579d352f7bb21b217774bb"}
,"C:\\Users\\Klaas\\Desktop\\@work-2-opdracht-3\\src\\docs\\paths\\staf.js": {"path":"C:\\Users\\Klaas\\Desktop\\@work-2-opdracht-3\\src\\docs\\paths\\staf.js","statementMap":{},"fnMap":{},"branchMap":{},"s":{},"f":{},"b":{},"_coverageSchema":"1a1c01bbd47fc00a2c39e90264f33305004495a9","hash":"f8ff750b8563747aee402616c34713ef224a3c06"}
,"C:\\Users\\Klaas\\Desktop\\@work-2-opdracht-3\\src\\docs\\paths\\students.js": {"path":"C:\\Users\\Klaas\\Desktop\\@work-2-opdracht-3\\src\\docs\\paths\\students.js","statementMap":{},"fnMap":{},"branchMap":{},"s":{},"f":{},"b":{},"_coverageSchema":"1a1c01bbd47fc00a2c39e90264f33305004495a9","hash":"43079f8d4b59025ff1ab7e3c61c40a38c78d5dc1"}
,"C:\\Users\\Klaas\\Desktop\\@work-2-opdracht-3\\src\\docs\\paths\\usermeta.js": {"path":"C:\\Users\\Klaas\\Desktop\\@work-2-opdracht-3\\src\\docs\\paths\\usermeta.js","statementMap":{},"fnMap":{},"branchMap":{},"s":{},"f":{},"b":{},"_coverageSchema":"1a1c01bbd47fc00a2c39e90264f33305004495a9","hash":"473f7c3674796351134e94f0e7634a7c3163b090"}
,"C:\\Users\\Klaas\\Desktop\\@work-2-opdracht-3\\src\\docs\\paths\\vakken.js": {"path":"C:\\Users\\Klaas\\Desktop\\@work-2-opdracht-3\\src\\docs\\paths\\vakken.js","statementMap":{},"fnMap":{},"branchMap":{},"s":{},"f":{},"b":{},"_coverageSchema":"1a1c01bbd47fc00a2c39e90264f33305004495a9","hash":"4b794f1f0a1bfa42a4f4a63f1a73ba044fe8d62a"}
,"C:\\Users\\Klaas\\Desktop\\@work-2-opdracht-3\\src\\docs\\responses\\commands.js": {"path":"C:\\Users\\Klaas\\Desktop\\@work-2-opdracht-3\\src\\docs\\responses\\commands.js","statementMap":{},"fnMap":{},"branchMap":{},"s":{},"f":{},"b":{},"_coverageSchema":"1a1c01bbd47fc00a2c39e90264f33305004495a9","hash":"0086d8fad838fff7dfb2ae4b848ebd8aa1d7256a"}
,"C:\\Users\\Klaas\\Desktop\\@work-2-opdracht-3\\src\\docs\\responses\\exercises.js": {"path":"C:\\Users\\Klaas\\Desktop\\@work-2-opdracht-3\\src\\docs\\responses\\exercises.js","statementMap":{},"fnMap":{},"branchMap":{},"s":{},"f":{},"b":{},"_coverageSchema":"1a1c01bbd47fc00a2c39e90264f33305004495a9","hash":"bc797efe785d5b8660579100efebda220378ba75"}
,"C:\\Users\\Klaas\\Desktop\\@work-2-opdracht-3\\src\\docs\\responses\\klassen.js": {"path":"C:\\Users\\Klaas\\Desktop\\@work-2-opdracht-3\\src\\docs\\responses\\klassen.js","statementMap":{},"fnMap":{},"branchMap":{},"s":{},"f":{},"b":{},"_coverageSchema":"1a1c01bbd47fc00a2c39e90264f33305004495a9","hash":"2919f87042cba81af9bc6792fa0293a74ffd2543"}
,"C:\\Users\\Klaas\\Desktop\\@work-2-opdracht-3\\src\\docs\\responses\\staf.js": {"path":"C:\\Users\\Klaas\\Desktop\\@work-2-opdracht-3\\src\\docs\\responses\\staf.js","statementMap":{},"fnMap":{},"branchMap":{},"s":{},"f":{},"b":{},"_coverageSchema":"1a1c01bbd47fc00a2c39e90264f33305004495a9","hash":"ca719339c9093e112e7c540a8dab0c5431d28bdf"}
,"C:\\Users\\Klaas\\Desktop\\@work-2-opdracht-3\\src\\docs\\responses\\students.js": {"path":"C:\\Users\\Klaas\\Desktop\\@work-2-opdracht-3\\src\\docs\\responses\\students.js","statementMap":{},"fnMap":{},"branchMap":{},"s":{},"f":{},"b":{},"_coverageSchema":"1a1c01bbd47fc00a2c39e90264f33305004495a9","hash":"91d9f013699809e1bb19fc5de2ab2529385019fb"}
,"C:\\Users\\Klaas\\Desktop\\@work-2-opdracht-3\\src\\docs\\responses\\usermeta.js": {"path":"C:\\Users\\Klaas\\Desktop\\@work-2-opdracht-3\\src\\docs\\responses\\usermeta.js","statementMap":{},"fnMap":{},"branchMap":{},"s":{},"f":{},"b":{},"_coverageSchema":"1a1c01bbd47fc00a2c39e90264f33305004495a9","hash":"fbd94cfbf40d4107adb331ec15764093c30162f1"}
,"C:\\Users\\Klaas\\Desktop\\@work-2-opdracht-3\\src\\docs\\responses\\vakken.js": {"path":"C:\\Users\\Klaas\\Desktop\\@work-2-opdracht-3\\src\\docs\\responses\\vakken.js","statementMap":{},"fnMap":{},"branchMap":{},"s":{},"f":{},"b":{},"_coverageSchema":"1a1c01bbd47fc00a2c39e90264f33305004495a9","hash":"2acb66f5e0615d7df447eb06e07015eddb02b517"}
,"C:\\Users\\Klaas\\Desktop\\@work-2-opdracht-3\\src\\lib\\DataSource.js": {"path":"C:\\Users\\Klaas\\Desktop\\@work-2-opdracht-3\\src\\lib\\DataSource.js","statementMap":{"0":{"start":{"line":3,"column":0},"end":{"line":3,"column":15}},"1":{"start":{"line":18,"column":17},"end":{"line":18,"column":87}},"2":{"start":{"line":19,"column":11},"end":{"line":24,"column":2}}},"fnMap":{},"branchMap":{},"s":{"0":1,"1":1,"2":1},"f":{},"b":{},"_coverageSchema":"1a1c01bbd47fc00a2c39e90264f33305004495a9","hash":"d3f3f6ab28a3d0d685e6bf49ab137dd86432ff8f"}
,"C:\\Users\\Klaas\\Desktop\\@work-2-opdracht-3\\src\\lib\\HandelbarsHelpers.js": {"path":"C:\\Users\\Klaas\\Desktop\\@work-2-opdracht-3\\src\\lib\\HandelbarsHelpers.js","statementMap":{"0":{"start":{"line":3,"column":6},"end":{"line":3,"column":40}},"1":{"start":{"line":6,"column":6},"end":{"line":6,"column":21}},"2":{"start":{"line":9,"column":6},"end":{"line":9,"column":21}}},"fnMap":{"0":{"name":"(anonymous_0)","decl":{"start":{"line":2,"column":4},"end":{"line":2,"column":5}},"loc":{"start":{"line":2,"column":15},"end":{"line":4,"column":5}},"line":2},"1":{"name":"(anonymous_1)","decl":{"start":{"line":5,"column":4},"end":{"line":5,"column":5}},"loc":{"start":{"line":5,"column":16},"end":{"line":7,"column":5}},"line":5},"2":{"name":"(anonymous_2)","decl":{"start":{"line":8,"column":4},"end":{"line":8,"column":5}},"loc":{"start":{"line":8,"column":13},"end":{"line":10,"column":5}},"line":8}},"branchMap":{},"s":{"0":0,"1":0,"2":0},"f":{"0":0,"1":0,"2":0},"b":{},"_coverageSchema":"1a1c01bbd47fc00a2c39e90264f33305004495a9","hash":"a1188a9a5ced55ee2350e5242f72a7e345719b72"}
,"C:\\Users\\Klaas\\Desktop\\@work-2-opdracht-3\\src\\middleware\\jwtAuth.js": {"path":"C:\\Users\\Klaas\\Desktop\\@work-2-opdracht-3\\src\\middleware\\jwtAuth.js","statementMap":{"0":{"start":{"line":4,"column":0},"end":{"line":4,"column":15}},"1":{"start":{"line":6,"column":23},"end":{"line":39,"column":1}},"2":{"start":{"line":7,"column":20},"end":{"line":7,"column":31}},"3":{"start":{"line":9,"column":2},"end":{"line":38,"column":3}},"4":{"start":{"line":11,"column":19},"end":{"line":11,"column":60}},"5":{"start":{"line":12,"column":4},"end":{"line":12,"column":20}},"6":{"start":{"line":13,"column":21},"end":{"line":13,"column":62}},"7":{"start":{"line":14,"column":25},"end":{"line":14,"column":29}},"8":{"start":{"line":18,"column":4},"end":{"line":23,"column":5}},"9":{"start":{"line":19,"column":5},"end":{"line":19,"column":54}},"10":{"start":{"line":20,"column":5},"end":{"line":20,"column":28}},"11":{"start":{"line":22,"column":6},"end":{"line":22,"column":58}},"12":{"start":{"line":24,"column":4},"end":{"line":26,"column":7}},"13":{"start":{"line":29,"column":4},"end":{"line":29,"column":23}},"14":{"start":{"line":31,"column":4},"end":{"line":31,"column":20}},"15":{"start":{"line":34,"column":4},"end":{"line":34,"column":11}},"16":{"start":{"line":36,"column":4},"end":{"line":36,"column":29}},"17":{"start":{"line":37,"column":4},"end":{"line":37,"column":34}}},"fnMap":{"0":{"name":"(anonymous_0)","decl":{"start":{"line":6,"column":23},"end":{"line":6,"column":24}},"loc":{"start":{"line":6,"column":49},"end":{"line":39,"column":1}},"line":6}},"branchMap":{"0":{"loc":{"start":{"line":18,"column":4},"end":{"line":23,"column":5}},"type":"if","locations":[{"start":{"line":18,"column":4},"end":{"line":23,"column":5}},{"start":{"line":21,"column":9},"end":{"line":23,"column":5}}],"line":18}},"s":{"0":1,"1":1,"2":0,"3":0,"4":0,"5":0,"6":0,"7":0,"8":0,"9":0,"10":0,"11":0,"12":0,"13":0,"14":0,"15":0,"16":0,"17":0},"f":{"0":0},"b":{"0":[0,0]},"_coverageSchema":"1a1c01bbd47fc00a2c39e90264f33305004495a9","hash":"83f33e16da9a082dedecca10f304195b53c5a883"}
,"C:\\Users\\Klaas\\Desktop\\@work-2-opdracht-3\\src\\middleware\\saveAvatar.js": {"path":"C:\\Users\\Klaas\\Desktop\\@work-2-opdracht-3\\src\\middleware\\saveAvatar.js","statementMap":{"0":{"start":{"line":12,"column":26},"end":{"line":47,"column":1}},"1":{"start":{"line":13,"column":19},"end":{"line":13,"column":22}},"2":{"start":{"line":14,"column":2},"end":{"line":14,"column":20}},"3":{"start":{"line":17,"column":2},"end":{"line":17,"column":27}},"4":{"start":{"line":17,"column":13},"end":{"line":17,"column":27}},"5":{"start":{"line":20,"column":2},"end":{"line":45,"column":3}},"6":{"start":{"line":28,"column":22},"end":{"line":28,"column":56}},"7":{"start":{"line":31,"column":27},"end":{"line":31,"column":51}},"8":{"start":{"line":34,"column":4},"end":{"line":41,"column":67}},"9":{"start":{"line":43,"column":4},"end":{"line":43,"column":43}},"10":{"start":{"line":44,"column":4},"end":{"line":44,"column":40}},"11":{"start":{"line":46,"column":2},"end":{"line":46,"column":9}}},"fnMap":{"0":{"name":"(anonymous_0)","decl":{"start":{"line":12,"column":26},"end":{"line":12,"column":27}},"loc":{"start":{"line":12,"column":52},"end":{"line":47,"column":1}},"line":12}},"branchMap":{"0":{"loc":{"start":{"line":17,"column":2},"end":{"line":17,"column":27}},"type":"if","locations":[{"start":{"line":17,"column":2},"end":{"line":17,"column":27}},{"start":{},"end":{}}],"line":17},"1":{"loc":{"start":{"line":20,"column":2},"end":{"line":45,"column":3}},"type":"if","locations":[{"start":{"line":20,"column":2},"end":{"line":45,"column":3}},{"start":{"line":42,"column":9},"end":{"line":45,"column":3}}],"line":20},"2":{"loc":{"start":{"line":21,"column":4},"end":{"line":25,"column":33}},"type":"binary-expr","locations":[{"start":{"line":21,"column":4},"end":{"line":21,"column":33}},{"start":{"line":22,"column":4},"end":{"line":22,"column":33}},{"start":{"line":23,"column":4},"end":{"line":23,"column":34}},{"start":{"line":24,"column":4},"end":{"line":24,"column":33}},{"start":{"line":25,"column":4},"end":{"line":25,"column":33}}],"line":21}},"s":{"0":1,"1":0,"2":0,"3":0,"4":0,"5":0,"6":0,"7":0,"8":0,"9":0,"10":0,"11":0},"f":{"0":0},"b":{"0":[0,0],"1":[0,0],"2":[0,0,0,0,0]},"_coverageSchema":"1a1c01bbd47fc00a2c39e90264f33305004495a9","hash":"5e4c2c0e3b3454ddc610673f8aede756c82c62bf"}
,"C:\\Users\\Klaas\\Desktop\\@work-2-opdracht-3\\src\\middleware\\validation\\Authentication.js": {"path":"C:\\Users\\Klaas\\Desktop\\@work-2-opdracht-3\\src\\middleware\\validation\\Authentication.js","statementMap":{},"fnMap":{},"branchMap":{},"s":{},"f":{},"b":{},"_coverageSchema":"1a1c01bbd47fc00a2c39e90264f33305004495a9","hash":"c23b57d05872b10efdfa951cf1213683adc122ca"}
,"C:\\Users\\Klaas\\Desktop\\@work-2-opdracht-3\\src\\models\\Commands.js": {"path":"C:\\Users\\Klaas\\Desktop\\@work-2-opdracht-3\\src\\models\\Commands.js","statementMap":{"0":{"start":{"line":3,"column":25},"end":{"line":3,"column":32}}},"fnMap":{},"branchMap":{},"s":{"0":1},"f":{},"b":{},"_coverageSchema":"1a1c01bbd47fc00a2c39e90264f33305004495a9","hash":"78430ab1623804a85afae25e605d337a063a5435"}
,"C:\\Users\\Klaas\\Desktop\\@work-2-opdracht-3\\src\\models\\Klassen.js": {"path":"C:\\Users\\Klaas\\Desktop\\@work-2-opdracht-3\\src\\models\\Klassen.js","statementMap":{"0":{"start":{"line":3,"column":25},"end":{"line":3,"column":32}}},"fnMap":{},"branchMap":{},"s":{"0":1},"f":{},"b":{},"_coverageSchema":"1a1c01bbd47fc00a2c39e90264f33305004495a9","hash":"dcdcea963146882683b38b15b8959e6bfa509983"}
,"C:\\Users\\Klaas\\Desktop\\@work-2-opdracht-3\\src\\models\\Oefeningen.js": {"path":"C:\\Users\\Klaas\\Desktop\\@work-2-opdracht-3\\src\\models\\Oefeningen.js","statementMap":{"0":{"start":{"line":3,"column":25},"end":{"line":3,"column":32}}},"fnMap":{},"branchMap":{},"s":{"0":1},"f":{},"b":{},"_coverageSchema":"1a1c01bbd47fc00a2c39e90264f33305004495a9","hash":"d19a2f4b48b7a90645a3dc2406707cddbbaed4a4"}
,"C:\\Users\\Klaas\\Desktop\\@work-2-opdracht-3\\src\\models\\Role.js": {"path":"C:\\Users\\Klaas\\Desktop\\@work-2-opdracht-3\\src\\models\\Role.js","statementMap":{},"fnMap":{},"branchMap":{},"s":{},"f":{},"b":{},"_coverageSchema":"1a1c01bbd47fc00a2c39e90264f33305004495a9","hash":"1359e923c3bedcbdf183417c8f7f839fdff216dc"}
,"C:\\Users\\Klaas\\Desktop\\@work-2-opdracht-3\\src\\models\\Staf.js": {"path":"C:\\Users\\Klaas\\Desktop\\@work-2-opdracht-3\\src\\models\\Staf.js","statementMap":{},"fnMap":{},"branchMap":{},"s":{},"f":{},"b":{},"_coverageSchema":"1a1c01bbd47fc00a2c39e90264f33305004495a9","hash":"b55d1d7babcd2c85b0e7faa9c588ca1c5a2879e2"}
,"C:\\Users\\Klaas\\Desktop\\@work-2-opdracht-3\\src\\models\\Student.js": {"path":"C:\\Users\\Klaas\\Desktop\\@work-2-opdracht-3\\src\\models\\Student.js","statementMap":{"0":{"start":{"line":2,"column":25},"end":{"line":2,"column":32}}},"fnMap":{},"branchMap":{},"s":{"0":1},"f":{},"b":{},"_coverageSchema":"1a1c01bbd47fc00a2c39e90264f33305004495a9","hash":"15517602ee5f7619d75152ecba344957da9c8abc"}
,"C:\\Users\\Klaas\\Desktop\\@work-2-opdracht-3\\src\\models\\Usermeta.js": {"path":"C:\\Users\\Klaas\\Desktop\\@work-2-opdracht-3\\src\\models\\Usermeta.js","statementMap":{"0":{"start":{"line":3,"column":25},"end":{"line":3,"column":32}}},"fnMap":{},"branchMap":{},"s":{"0":1},"f":{},"b":{},"_coverageSchema":"1a1c01bbd47fc00a2c39e90264f33305004495a9","hash":"aebedf96cf5c1894abe6c1d491cc32b8fc1fa163"}
,"C:\\Users\\Klaas\\Desktop\\@work-2-opdracht-3\\src\\models\\Vakken.js": {"path":"C:\\Users\\Klaas\\Desktop\\@work-2-opdracht-3\\src\\models\\Vakken.js","statementMap":{"0":{"start":{"line":3,"column":25},"end":{"line":3,"column":32}}},"fnMap":{},"branchMap":{},"s":{"0":1},"f":{},"b":{},"_coverageSchema":"1a1c01bbd47fc00a2c39e90264f33305004495a9","hash":"0bb1d383490b94d60176b57a05e318a9be4a20a3"}
}
